[3190, 15:53:36] SELECT * FROM Project.club: Running...
[3190, 15:53:36] SELECT * FROM Project.club: Fetching...
[3190, 15:53:36] SELECT * FROM Project.club: 8 row(s) returned
[3191, 15:55:38] SELECT * FROM Project.committeegroup: Running...
[3191, 15:55:38] SELECT * FROM Project.committeegroup: Fetching...
[3191, 15:55:38] SELECT * FROM Project.committeegroup: 1000 row(s) returned
[3192, 15:56:21] SELECT * FROM Project.course: Running...
[3192, 15:56:21] SELECT * FROM Project.course: Fetching...
[3192, 15:56:21] SELECT * FROM Project.course: 10 row(s) returned
[3193, 15:57:04] SELECT * FROM Project.deparment: Running...
[3193, 15:57:04] SELECT * FROM Project.deparment: Fetching...
[3193, 15:57:05] SELECT * FROM Project.deparment: 5 row(s) returned
[3194, 15:57:45] SELECT * FROM Project.groupleader: Running...
[3194, 15:57:45] SELECT * FROM Project.groupleader: Fetching...
[3194, 15:57:46] SELECT * FROM Project.groupleader: 5 row(s) returned
[3195, 15:58:38] SELECT * FROM Project.professor: Running...
[3195, 15:58:38] SELECT * FROM Project.professor: Fetching...
[3195, 15:58:39] SELECT * FROM Project.professor: 50 row(s) returned
[3196, 15:59:09] SELECT * FROM Project.registerIn: Running...
[3196, 15:59:09] SELECT * FROM Project.registerIn: Fetching...
[3196, 15:59:09] SELECT * FROM Project.registerIn: 129 row(s) returned
[3197, 15:59:39] SELECT * FROM Project.student: Running...
[3197, 15:59:39] SELECT * FROM Project.student: Fetching...
[3197, 15:59:39] SELECT * FROM Project.student: 1000 row(s) returned
[3198, 16:00:05] SELECT * FROM Project.studyof: Running...
[3198, 16:00:05] SELECT * FROM Project.studyof: Fetching...
[3198, 16:00:05] SELECT * FROM Project.studyof: 1000 row(s) returned
